0 info it worked if it ends with ok
1 verbose cli [ '/usr/local/bin/node', '/usr/local/bin/npm', 'publish' ]
2 info using npm@2.5.1
3 info using node@v0.12.0
4 verbose publish [ '.' ]
5 silly cache add args [ '.', null ]
6 verbose cache add spec .
7 silly cache add parsed spec { raw: '.',
7 silly cache add   scope: null,
7 silly cache add   name: null,
7 silly cache add   rawSpec: '.',
7 silly cache add   spec: '/home/nico/repos/nkt-bhiv',
7 silly cache add   type: 'directory' }
8 verbose addLocalDirectory /home/nico/.npm/bhiv/3.1.14/package.tgz not in flight; packing
9 verbose tar pack [ '/home/nico/.npm/bhiv/3.1.14/package.tgz',
9 verbose tar pack   '/home/nico/repos/nkt-bhiv' ]
10 verbose tarball /home/nico/.npm/bhiv/3.1.14/package.tgz
11 verbose folder /home/nico/repos/nkt-bhiv
12 info prepublish bhiv@3.1.14
13 verbose addLocalTarball adding from inside cache /home/nico/.npm/bhiv/3.1.14/package.tgz
14 silly cache afterAdd bhiv@3.1.14
15 verbose afterAdd /home/nico/.npm/bhiv/3.1.14/package/package.json not in flight; writing
16 verbose afterAdd /home/nico/.npm/bhiv/3.1.14/package/package.json written
17 silly publish { name: 'bhiv',
17 silly publish   version: '3.1.14',
17 silly publish   description: 'Extended asynchronous execution controller with composer syntax',
17 silly publish   main: 'Bhiv.js',
17 silly publish   scripts: { test: 'echo "Error: no test specified" && exit 1' },
17 silly publish   repository: { type: 'git', url: 'https://github.com/bhiv/bihv.git' },
17 silly publish   keywords:
17 silly publish    [ 'async',
17 silly publish      'asynchronous',
17 silly publish      'workflow',
17 silly publish      'fbp',
17 silly publish      'serie',
17 silly publish      'waterfall',
17 silly publish      'map',
17 silly publish      'each',
17 silly publish      'fonctor',
17 silly publish      'template',
17 silly publish      'method' ],
17 silly publish   author: { name: 'Nicolas Pelletier' },
17 silly publish   license: 'MIT',
17 silly publish   bugs: { url: 'https://github.com/bhiv/bihv/issues' },
17 silly publish   homepage: 'https://github.com/bhiv/bhiv',
17 silly publish   readme: '# Bhiv.js\n\nBhiv is a utility module which provide a complete syntax to build an asynchronous workflow.\n\nIt provides also some basic features like EventEmitter, Object manipulation, or basic functions patterns.\nIt works on any side\n\n## Install (Development Only):\n\n`javascript:(function(s){document.head.appendChild(s);s.src=\'https://rawgit.com/bhiv/bhiv/master/Bhiv.js\';})(document.createElement(\'script\'));`\n\n```html\n<script src="https://rawgit.com/bhiv/bhiv/master/Bhiv.js"></script>\n```\n\n```sh\nnpm install --save bhiv\n```\n\n## Browser Multi Fetching Exemple\n```javascript\n// Assaming jQuery & Bhiv loaded\n\nvar fetchAllJsonpUrl = (function () {\n  var priv = { jQuery: {}, console: {} };\n  var bhiv = new Bhiv(priv);\n\n  priv.console.log = function (data) { console.log(\'Requesting:\', data.name, data.url); };\n\n  priv.jQuery.request = function (data, callback) {\n    var success = function (data) { return callback(null, data); };\n    jQuery.ajax({ url: data.url, dataType: \'jsonp\', success: success, error: callback });\n  };\n\n  return new bhiv.Bee()\n\n    // iterating on the direct flow, key is named index, value named url\n    .Map(\'.\', \'name\', \'url\')\n\n    // the following is synchronous, that\'s why \'=\' character\n    .  then(\'= console.log\')\n\n    // requesting and storing the result into the content field\n    .  then(\'jQuery.request\', null, { \'content\': \'${.}\' })\n\n    // closing the loop (created by the Map keyword\n    .close({ max: 3 })\n\n    // finishing the workflow build\n    .end();\n\n})();\n\nfetchAllJsonpUrl\n( { github: \'https://api.github.com\', ip: \'http://jsonip.com\' }\n, function (err, data) { console.log(err, data); }\n);\n```\n\n## Node Module Example\n\n```javascript\n\nvar Bhiv = require(\'Bhiv\');\n\nmodule.exports = new function () {\n  var priv = {};\n  var bhiv = new Bhiv(priv, this);\n\n  this.sayHello = new bhiv.Bee()\n    .pipe(\'= getData\', null, { words: \'${.}\' })\n    .Map(\'words\', null, \'word\')\n    .pipe(\'= uppercase\', \'${word}\')\n    .close()\n    .pipe(\'= join\', \'${words}\')\n    .end();\n\n  (function () {\n\n    this.getData = function () {\n      return [\'hello\', \'world\'];\n    };\n\n    this.uppercase = function (word, callback) {\n      return word.toUpperCase();\n    };\n\n    this.join = function (array) {\n      return array.join(\' \');\n    };\n\n  }).call(priv);\n\n};\n\n## See full syntax documentation into source code at Bee Builder Syntax\n',
17 silly publish   readmeFilename: 'README.md',
17 silly publish   gitHead: 'e14a28e1c4952b84a75be34b58b552a11b5e251b',
17 silly publish   _id: 'bhiv@3.1.14',
17 silly publish   _shasum: 'c1a249a633c17b63f4126cba5eb5904d4a51bd99',
17 silly publish   _from: '.' }
18 silly mapToRegistry name bhiv
19 silly mapToRegistry using default registry
20 silly mapToRegistry registry https://registry.npmjs.org/
21 silly mapToRegistry uri https://registry.npmjs.org/bhiv
22 verbose publish registryBase https://registry.npmjs.org/
23 silly publish uploading /home/nico/.npm/bhiv/3.1.14/package.tgz
24 verbose request uri https://registry.npmjs.org/bhiv
25 verbose request sending authorization for write operation
26 info attempt registry request try #1 at 11:05:45
27 verbose request id 97a8c33c9a337edb
28 http request PUT https://registry.npmjs.org/bhiv
29 http 401 https://registry.npmjs.org/bhiv
30 verbose headers { date: 'Thu, 26 Mar 2015 10:05:46 GMT',
30 verbose headers   server: 'Apache',
30 verbose headers   'content-type': 'application/json',
30 verbose headers   'cache-control': 'max-age=60',
30 verbose headers   'content-length': '38',
30 verbose headers   'accept-ranges': 'bytes',
30 verbose headers   via: '1.1 varnish',
30 verbose headers   'x-served-by': 'cache-lcy1128-LCY',
30 verbose headers   'x-cache': 'MISS',
30 verbose headers   'x-cache-hits': '0',
30 verbose headers   'x-timer': 'S1427364345.484464,VS0,VE658',
30 verbose headers   'keep-alive': 'timeout=10, max=50',
30 verbose headers   connection: 'Keep-Alive' }
31 verbose request invalidating /home/nico/.npm/registry.npmjs.org/bhiv on PUT
32 error publish Failed PUT 401
33 verbose stack Error: Request was not authorized : bhiv
33 verbose stack     at CachingRegistryClient.<anonymous> (/usr/local/lib/node_modules/npm/node_modules/npm-registry-client/lib/request.js:254:14)
33 verbose stack     at Request._callback (/usr/local/lib/node_modules/npm/node_modules/npm-registry-client/lib/request.js:178:14)
33 verbose stack     at Request.self.callback (/usr/local/lib/node_modules/npm/node_modules/request/request.js:344:22)
33 verbose stack     at Request.emit (events.js:110:17)
33 verbose stack     at Request.<anonymous> (/usr/local/lib/node_modules/npm/node_modules/request/request.js:1239:14)
33 verbose stack     at Request.emit (events.js:129:20)
33 verbose stack     at IncomingMessage.<anonymous> (/usr/local/lib/node_modules/npm/node_modules/request/request.js:1187:12)
33 verbose stack     at IncomingMessage.emit (events.js:129:20)
33 verbose stack     at _stream_readable.js:908:16
33 verbose stack     at process._tickCallback (node.js:355:11)
34 verbose statusCode 401
35 verbose pkgid bhiv
36 verbose cwd /home/nico/repos/nkt-bhiv
37 error Linux 3.13.0-39-generic
38 error argv "/usr/local/bin/node" "/usr/local/bin/npm" "publish"
39 error node v0.12.0
40 error npm  v2.5.1
41 error code E401
42 error Request was not authorized : bhiv
43 error If you need help, you may report this error at:
43 error     <http://github.com/npm/npm/issues>
44 verbose exit [ 1, true ]
